<?xml version="1.0" encoding="UTF-8"?>
<testng-results ignored="0" total="2" passed="2" failed="0" skipped="0">
  <reporter-output>
  </reporter-output>
  <suite started-at="2025-03-22T12:04:43 IST" name="Bunnycart Test Suite" finished-at="2025-03-22T12:05:54 IST" duration-ms="70742">
    <groups>
      <group name="cucumber">
        <method signature="AbstractTestNGCucumberTests.runScenario(io.cucumber.testng.PickleWrapper,io.cucumber.testng.FeatureWrapper)[pri:0, instance:com.Bunnycart.TestRunner.CreateAccountTestRunner@c05fddc]" name="runScenario" class="io.cucumber.testng.AbstractTestNGCucumberTests"/>
        <method signature="AbstractTestNGCucumberTests.runScenario(io.cucumber.testng.PickleWrapper,io.cucumber.testng.FeatureWrapper)[pri:0, instance:com.Bunnycart.TestRunner.AddToCartTestRunner@465232e9]" name="runScenario" class="io.cucumber.testng.AbstractTestNGCucumberTests"/>
      </group> <!-- cucumber -->
    </groups>
    <test started-at="2025-03-22T12:04:43 IST" name="Create Account Test" finished-at="2025-03-22T12:05:05 IST" duration-ms="22007">
      <class name="com.Bunnycart.TestRunner.CreateAccountTestRunner">
        <test-method is-config="true" signature="setUpClass(org.testng.ITestContext)[pri:0, instance:com.Bunnycart.TestRunner.CreateAccountTestRunner@c05fddc]" started-at="2025-03-22T12:04:43 IST" name="setUpClass" finished-at="2025-03-22T12:04:44 IST" duration-ms="936" status="PASS">
          <params>
            <param index="0">
              <value>
                <![CDATA[org.testng.TestRunner@6a950a3b]]>
              </value>
            </param>
          </params>
          <reporter-output>
          </reporter-output>
        </test-method> <!-- setUpClass -->
        <test-method signature="runScenario(io.cucumber.testng.PickleWrapper,io.cucumber.testng.FeatureWrapper)[pri:0, instance:com.Bunnycart.TestRunner.CreateAccountTestRunner@c05fddc]" started-at="2025-03-22T12:04:44 IST" name="runScenario" description="Runs Cucumber Scenarios" data-provider="scenarios" finished-at="2025-03-22T12:05:05 IST" duration-ms="20795" status="PASS">
          <params>
            <param index="0">
              <value>
                <![CDATA["Creating Account"]]>
              </value>
            </param>
            <param index="1">
              <value>
                <![CDATA["Create Account with Valid and Invalid Data"]]>
              </value>
            </param>
          </params>
          <reporter-output>
          </reporter-output>
        </test-method> <!-- runScenario -->
        <test-method is-config="true" signature="tearDownClass()[pri:0, instance:com.Bunnycart.TestRunner.CreateAccountTestRunner@c05fddc]" started-at="2025-03-22T12:05:05 IST" name="tearDownClass" finished-at="2025-03-22T12:05:05 IST" duration-ms="41" status="PASS">
          <reporter-output>
          </reporter-output>
        </test-method> <!-- tearDownClass -->
      </class> <!-- com.Bunnycart.TestRunner.CreateAccountTestRunner -->
    </test> <!-- Create Account Test -->
    <test started-at="2025-03-22T12:05:05 IST" name="Add To Cart Test" finished-at="2025-03-22T12:05:54 IST" duration-ms="48667">
      <class name="com.Bunnycart.TestRunner.AddToCartTestRunner">
        <test-method is-config="true" signature="setUpClass(org.testng.ITestContext)[pri:0, instance:com.Bunnycart.TestRunner.AddToCartTestRunner@465232e9]" started-at="2025-03-22T12:05:05 IST" name="setUpClass" finished-at="2025-03-22T12:05:05 IST" duration-ms="29" status="PASS">
          <params>
            <param index="0">
              <value>
                <![CDATA[org.testng.TestRunner@4f7be6c8]]>
              </value>
            </param>
          </params>
          <reporter-output>
          </reporter-output>
        </test-method> <!-- setUpClass -->
        <test-method signature="runScenario(io.cucumber.testng.PickleWrapper,io.cucumber.testng.FeatureWrapper)[pri:0, instance:com.Bunnycart.TestRunner.AddToCartTestRunner@465232e9]" started-at="2025-03-22T12:05:05 IST" name="runScenario" description="Runs Cucumber Scenarios" data-provider="scenarios" finished-at="2025-03-22T12:05:54 IST" duration-ms="48605" status="PASS">
          <params>
            <param index="0">
              <value>
                <![CDATA["To sign in and add a product to cart"]]>
              </value>
            </param>
            <param index="1">
              <value>
                <![CDATA["Login and Add to Cart"]]>
              </value>
            </param>
          </params>
          <reporter-output>
          </reporter-output>
        </test-method> <!-- runScenario -->
        <test-method is-config="true" signature="tearDownClass()[pri:0, instance:com.Bunnycart.TestRunner.AddToCartTestRunner@465232e9]" started-at="2025-03-22T12:05:54 IST" name="tearDownClass" finished-at="2025-03-22T12:05:54 IST" duration-ms="25" status="PASS">
          <reporter-output>
          </reporter-output>
        </test-method> <!-- tearDownClass -->
      </class> <!-- com.Bunnycart.TestRunner.AddToCartTestRunner -->
    </test> <!-- Add To Cart Test -->
  </suite> <!-- Bunnycart Test Suite -->
</testng-results>
