<?xml version="1.0" encoding="UTF-8"?>
<testsuite xmlns:xsi="http://www.w3.org/2001/XMLSchema-instance" xsi:noNamespaceSchemaLocation="https://maven.apache.org/surefire/maven-surefire-plugin/xsd/surefire-test-report-3.0.xsd" version="3.0" name="TestSuite" time="244.557" tests="6" errors="0" skipped="0" failures="0">
  <properties>
[...]
</properties>
  <testcase name="runScenario[&quot;Creating Account&quot;, &quot;Create Account with Valid and Invalid Data&quot;](1)" classname="com.Bunnycart.TestRunner.CreateAccountTestRunner" time="25.28">
    <system-out><![CDATA[
Scenario: Creating Account                                                      # src/test/resources/com.Bunnycart.Features/CreateAccount.feature:3
  Given User opens the browser                                                  # com.Bunnycart.StepDefinition.CreateAccountStepDefinition.user_opens_the_browser()
  And User navigates to "https://www.bunnycart.com/" webpage                    # com.Bunnycart.StepDefinition.CreateAccountStepDefinition.user_navigates_to_webpage(java.lang.String)
  And User clicks on create an account button                                   # com.Bunnycart.StepDefinition.CreateAccountStepDefinition.user_clicks_on_create_an_account_button()
2025-03-24T07:14:05.186307100Z main ERROR Log4j API could not find a logging provider.
Failed to Rigister
User Rigistered Successfully
  When User enters details using Excel file and clicks on create account button # com.Bunnycart.StepDefinition.CreateAccountStepDefinition.user_enters_details_using_excel_file_and_clicks_on_create_account_button(io.cucumber.datatable.DataTable)
    | RigisterData.xlsx |
  Then User verifies the message                                                # com.Bunnycart.StepDefinition.CreateAccountStepDefinition.user_verifies_the_message()
  And User closes the browser                                                   # com.Bunnycart.StepDefinition.CreateAccountStepDefinition.user_closes_the_browser()
]]></system-out>
    <system-err><![CDATA[SLF4J: Failed to load class "org.slf4j.impl.StaticLoggerBinder".
SLF4J: Defaulting to no-operation (NOP) logger implementation
SLF4J: See http://www.slf4j.org/codes.html#StaticLoggerBinder for further details.
Mar 24, 2025 12:43:50 PM org.openqa.selenium.devtools.CdpVersionFinder findNearestMatch
WARNING: Unable to find CDP implementation matching 122
Mar 24, 2025 12:43:50 PM org.openqa.selenium.chromium.ChromiumDriver lambda$new$4
WARNING: Unable to find version of CDP to use for 122.0.6261.129. You may need to include a dependency on a specific version of the CDP using something similar to `org.seleniumhq.selenium:selenium-devtools-v86:4.29.0` where the version ("v86") matches the version of the chromium-based browser you're using and the version number of the artifact is the same as Selenium's.
]]></system-err>
  </testcase>
  <testcase name="runScenario[&quot;To sign in and add a product to cart&quot;, &quot;Login and Add to Cart&quot;](1)" classname="com.Bunnycart.TestRunner.AddToCartTestRunner" time="57.356">
    <system-out><![CDATA[==============================================================================================
Total Passed: 1(+1), Failures: 0(+0), Skips: 0(+0)
==============================================================================================

Scenario: To sign in and add a product to cart                   # src/test/resources/com.Bunnycart.Features/AddToCart.feature:18
  Given User opens the Browser                                   # com.Bunnycart.StepDefinition.AddToCartStepDefinition.user_opens_the_browser()
  And User navigates to the "https://www.bunnycart.com/" webpage # com.Bunnycart.StepDefinition.AddToCartStepDefinition.user_navigates_to_the_webpage(java.lang.String)
  Then User clicks on Sign in                                    # com.Bunnycart.StepDefinition.AddToCartStepDefinition.user_clicks_on_sign_in()
  And User enters the "saikrishnabadisa4@gmail.com" as email     # com.Bunnycart.StepDefinition.AddToCartStepDefinition.user_enters_the_as_email(java.lang.String)
  And User enters the "Test#123" as password                     # com.Bunnycart.StepDefinition.AddToCartStepDefinition.user_enters_the_as_password(java.lang.String)
  And User clicks on Sign in button                              # com.Bunnycart.StepDefinition.AddToCartStepDefinition.user_clicks_on_sign_in_button()
  And User search for a product                                  # com.Bunnycart.StepDefinition.AddToCartStepDefinition.user_search_for_a_product()
  Then User selects a product                                    # com.Bunnycart.StepDefinition.AddToCartStepDefinition.user_selects_a_product()
  And User adds the product to cart                              # com.Bunnycart.StepDefinition.AddToCartStepDefinition.user_adds_the_product_to_cart()
  And User close the browser                                     # com.Bunnycart.StepDefinition.AddToCartStepDefinition.user_closes_the_browser()
]]></system-out>
    <system-err><![CDATA[Mar 24, 2025 12:44:14 PM org.openqa.selenium.devtools.CdpVersionFinder findNearestMatch
WARNING: Unable to find CDP implementation matching 122
Mar 24, 2025 12:44:14 PM org.openqa.selenium.chromium.ChromiumDriver lambda$new$4
WARNING: Unable to find version of CDP to use for 122.0.6261.129. You may need to include a dependency on a specific version of the CDP using something similar to `org.seleniumhq.selenium:selenium-devtools-v86:4.29.0` where the version ("v86") matches the version of the chromium-based browser you're using and the version number of the artifact is the same as Selenium's.
]]></system-err>
  </testcase>
  <testcase name="runScenario[&quot;SignIn with valid and invalid details&quot;, &quot;Sign with Valid and Invalid Data&quot;](1)" classname="com.Bunnycart.TestRunner.SignInTestRunner" time="26.149">
    <system-out><![CDATA[==============================================================================================
Total Passed: 2(+1), Failures: 0(+0), Skips: 0(+0)
==============================================================================================

Scenario: SignIn with valid and invalid details                 # src/test/resources/com.Bunnycart.Features/SignIn.feature:16
  Given User open the Browser                                   # com.Bunnycart.StepDefinition.SignInStepDefinition.user_open_the_browser()
  And User navigate to the "https://www.bunnycart.com/" webpage # com.Bunnycart.StepDefinition.SignInStepDefinition.user_navigate_to_the_webpage(java.lang.String)
  And User click on Sign in                                     # com.Bunnycart.StepDefinition.SignInStepDefinition.user_click_on_sign_in()
  Then User enter the "saikrishnabadisa4@gmail.com" as email    # com.Bunnycart.StepDefinition.SignInStepDefinition.user_enter_the_as_email(java.lang.String)
  And User enter the "Test@123" as password                     # com.Bunnycart.StepDefinition.SignInStepDefinition.user_enter_the_as_password(java.lang.String)
  Then User click on Sign in button                             # com.Bunnycart.StepDefinition.SignInStepDefinition.user_click_on_sign_in_button()
Invalid login or password.
  And User verify the message                                   # com.Bunnycart.StepDefinition.SignInStepDefinition.user_verify_the_message()
  And User closes browser                                       # com.Bunnycart.StepDefinition.SignInStepDefinition.user_closes_the_browser()
]]></system-out>
    <system-err><![CDATA[Mar 24, 2025 12:45:12 PM org.openqa.selenium.devtools.CdpVersionFinder findNearestMatch
WARNING: Unable to find CDP implementation matching 122
Mar 24, 2025 12:45:12 PM org.openqa.selenium.chromium.ChromiumDriver lambda$new$4
WARNING: Unable to find version of CDP to use for 122.0.6261.129. You may need to include a dependency on a specific version of the CDP using something similar to `org.seleniumhq.selenium:selenium-devtools-v86:4.29.0` where the version ("v86") matches the version of the chromium-based browser you're using and the version number of the artifact is the same as Selenium's.
]]></system-err>
  </testcase>
  <testcase name="runScenario[&quot;SignIn with valid and invalid details&quot;, &quot;Sign with Valid and Invalid Data&quot;](2)" classname="com.Bunnycart.TestRunner.SignInTestRunner" time="31.116">
    <system-out><![CDATA[
Scenario: SignIn with valid and invalid details                 # src/test/resources/com.Bunnycart.Features/SignIn.feature:17
  Given User open the Browser                                   # com.Bunnycart.StepDefinition.SignInStepDefinition.user_open_the_browser()
  And User navigate to the "https://www.bunnycart.com/" webpage # com.Bunnycart.StepDefinition.SignInStepDefinition.user_navigate_to_the_webpage(java.lang.String)
  And User click on Sign in                                     # com.Bunnycart.StepDefinition.SignInStepDefinition.user_click_on_sign_in()
  Then User enter the "saikrishnabadisa4@gmail.com" as email    # com.Bunnycart.StepDefinition.SignInStepDefinition.user_enter_the_as_email(java.lang.String)
  And User enter the "Test#123" as password                     # com.Bunnycart.StepDefinition.SignInStepDefinition.user_enter_the_as_password(java.lang.String)
  Then User click on Sign in button                             # com.Bunnycart.StepDefinition.SignInStepDefinition.user_click_on_sign_in_button()
Login Successful
  And User verify the message                                   # com.Bunnycart.StepDefinition.SignInStepDefinition.user_verify_the_message()
  And User closes browser                                       # com.Bunnycart.StepDefinition.SignInStepDefinition.user_closes_the_browser()
]]></system-out>
    <system-err><![CDATA[Mar 24, 2025 12:45:38 PM org.openqa.selenium.devtools.CdpVersionFinder findNearestMatch
WARNING: Unable to find CDP implementation matching 122
Mar 24, 2025 12:45:38 PM org.openqa.selenium.chromium.ChromiumDriver lambda$new$4
WARNING: Unable to find version of CDP to use for 122.0.6261.129. You may need to include a dependency on a specific version of the CDP using something similar to `org.seleniumhq.selenium:selenium-devtools-v86:4.29.0` where the version ("v86") matches the version of the chromium-based browser you're using and the version number of the artifact is the same as Selenium's.
]]></system-err>
  </testcase>
  <testcase name="runScenario[&quot;Add Multiple Products to cart&quot;, &quot;Adding Multiple Products to cart&quot;](1)" classname="com.Bunnycart.TestRunner.AddMultipleProductsToCartTestRunner" time="74.15">
    <system-out><![CDATA[==============================================================================================
Total Passed: 4(+2), Failures: 0(+0), Skips: 0(+0)
==============================================================================================

Scenario: Add Multiple Products to cart                          # src/test/resources/com.Bunnycart.Features/AddingMultipleProductsToCart.feature:22
  Given User opens the Browser                                   # com.Bunnycart.StepDefinition.AddToCartStepDefinition.user_opens_the_browser()
  And User navigates to the "https://www.bunnycart.com/" webpage # com.Bunnycart.StepDefinition.AddToCartStepDefinition.user_navigates_to_the_webpage(java.lang.String)
  And User clicks on signin                                      # com.Bunnycart.StepDefinition.AddMultipleProductsToCartStepDefinition.user_clicks_on_sign_in()
  And User enters valid 'saikrishnabadisa4@gmail.com' email      # com.Bunnycart.StepDefinition.AddMultipleProductsToCartStepDefinition.user_enters_valid_email(java.lang.String)
  And User enters valid 'Test#123' password                      # com.Bunnycart.StepDefinition.AddMultipleProductsToCartStepDefinition.user_enters_valid_password(java.lang.String)
  And User click on signin button                                # com.Bunnycart.StepDefinition.AddMultipleProductsToCartStepDefinition.user_click_on_sign_in_button()
  When User Search for product1 "Aquatic" in search textbox      # com.Bunnycart.StepDefinition.AddMultipleProductsToCartStepDefinition.user_search_for_product1_in_search_textbox(java.lang.String)
  And User select product1 from the search results               # com.Bunnycart.StepDefinition.AddMultipleProductsToCartStepDefinition.user_select_product1_from_the_search_results()
  And User click on Add to cart for product1                     # com.Bunnycart.StepDefinition.AddMultipleProductsToCartStepDefinition.user_click_on_add_to_cart_for_product1()
  When User Search for product2 "Money" in search textbox        # com.Bunnycart.StepDefinition.AddMultipleProductsToCartStepDefinition.user_search_for_product2_in_search_textbox(java.lang.String)
  And User select product2 from the search results               # com.Bunnycart.StepDefinition.AddMultipleProductsToCartStepDefinition.user_select_product2_from_the_search_results()
  And User selects type of the product2                          # com.Bunnycart.StepDefinition.AddMultipleProductsToCartStepDefinition.user_selects_type_of_the_product2()
  And User click on Add to cart for product2                     # com.Bunnycart.StepDefinition.AddMultipleProductsToCartStepDefinition.user_click_on_add_to_cart_for_product2()
  And User closes the Browser                                    # com.Bunnycart.StepDefinition.AddMultipleProductsToCartStepDefinition.user_closes_the_browser()
]]></system-out>
    <system-err><![CDATA[Mar 24, 2025 12:46:09 PM org.openqa.selenium.devtools.CdpVersionFinder findNearestMatch
WARNING: Unable to find CDP implementation matching 122
Mar 24, 2025 12:46:09 PM org.openqa.selenium.chromium.ChromiumDriver lambda$new$4
WARNING: Unable to find version of CDP to use for 122.0.6261.129. You may need to include a dependency on a specific version of the CDP using something similar to `org.seleniumhq.selenium:selenium-devtools-v86:4.29.0` where the version ("v86") matches the version of the chromium-based browser you're using and the version number of the artifact is the same as Selenium's.
]]></system-err>
  </testcase>
  <testcase name="runScenario[&quot;To check sign out and verfy session ends&quot;, &quot;Unknown&quot;](1)" classname="com.Bunnycart.TestRunner.LogOutTestRunner" time="27.154">
    <system-out><![CDATA[==============================================================================================
Total Passed: 5(+1), Failures: 0(+0), Skips: 0(+0)
==============================================================================================

Scenario: To check sign out and verfy session ends               # src/test/resources/com.Bunnycart.Features/LogOut.feature:15
  Given User opens the Browser                                   # com.Bunnycart.StepDefinition.AddToCartStepDefinition.user_opens_the_browser()
  And User navigates to the "https://www.bunnycart.com/" webpage # com.Bunnycart.StepDefinition.AddToCartStepDefinition.user_navigates_to_the_webpage(java.lang.String)
  And User click on sign in                                      # com.Bunnycart.StepDefinition.LogOutStepDefinition.user_click_on_sign_in()
  And User enters valid 'saikrishnabadisa4@gmail.com' email      # com.Bunnycart.StepDefinition.AddMultipleProductsToCartStepDefinition.user_enters_valid_email(java.lang.String)
  And User enters valid 'Test#123' password                      # com.Bunnycart.StepDefinition.AddMultipleProductsToCartStepDefinition.user_enters_valid_password(java.lang.String)
  And User click on sign in button                               # com.Bunnycart.StepDefinition.LogOutStepDefinition.user_click_on_sign_in_button()
  And User click on signOut button                               # com.Bunnycart.StepDefinition.LogOutStepDefinition.user_click_on_signOut_button()
Session Ended
  And User verifies the seession ends                            # com.Bunnycart.StepDefinition.LogOutStepDefinition.user_verifies_the_seession_ends()
  And User close browser                                         # com.Bunnycart.StepDefinition.LogOutStepDefinition.user_closes_the_browser()
]]></system-out>
    <system-err><![CDATA[Mar 24, 2025 12:47:23 PM org.openqa.selenium.devtools.CdpVersionFinder findNearestMatch
WARNING: Unable to find CDP implementation matching 122
Mar 24, 2025 12:47:23 PM org.openqa.selenium.chromium.ChromiumDriver lambda$new$4
WARNING: Unable to find version of CDP to use for 122.0.6261.129. You may need to include a dependency on a specific version of the CDP using something similar to `org.seleniumhq.selenium:selenium-devtools-v86:4.29.0` where the version ("v86") matches the version of the chromium-based browser you're using and the version number of the artifact is the same as Selenium's.
]]></system-err>
  </testcase>
</testsuite>